<?xml version="1.0" encoding="UTF-8"?>
<!-- Generated by org.testng.reporters.JUnitReportReporter -->
<testsuite hostname="md2qjzqc" failures="0" tests="2" name="Academy.HomePage" time="5.750" errors="0" timestamp="2022-01-30T23:28:59 IST" skipped="0">
  <testcase classname="Academy.HomePage" name="basePageNavigation" time="1.663"/>
  <system-out/>
  <testcase classname="Academy.HomePage" name="basePageNavigation" time="4.087"/>
  <system-out/>
</testsuite> <!-- Academy.HomePage -->
