<?xml version="1.0" encoding="UTF-8"?>
<!-- Generated by org.testng.reporters.JUnitReportReporter -->
<testsuite hostname="md2qjzqc" failures="0" tests="2" name="Academy.HomePage" time="4.654" errors="0" timestamp="2022-01-30T23:36:19 IST" skipped="0">
  <testcase classname="Academy.HomePage" name="basePageNavigation" time="3.139"/>
  <system-out/>
  <testcase classname="Academy.HomePage" name="basePageNavigation" time="1.515"/>
  <system-out/>
</testsuite> <!-- Academy.HomePage -->
